<?xml version="1.0" encoding="UTF-8"?>
<testsuite xmlns:xsi="http://www.w3.org/2001/XMLSchema-instance" xsi:noNamespaceSchemaLocation="https://maven.apache.org/surefire/maven-surefire-plugin/xsd/surefire-test-report-3.0.xsd" version="3.0" name="com.bibliotech.BiblioTechApplicationTest" time="4.324" tests="5" errors="0" skipped="0" failures="0">
  <properties>
[...]
</properties>
  <testcase name="shouldRejectBorrowWhenLimitReached" classname="com.bibliotech.BiblioTechApplicationTest" time="0.176">
    <system-out><![CDATA[06:51:57.216 [main] INFO org.springframework.test.context.support.AnnotationConfigContextLoaderUtils -- Could not detect default configuration classes for test class [com.bibliotech.BiblioTechApplicationTest]: BiblioTechApplicationTest does not declare any static, non-private, non-final, nested classes annotated with @Configuration.
06:51:57.312 [main] INFO org.springframework.boot.test.context.SpringBootTestContextBootstrapper -- Found @SpringBootConfiguration com.bibliotech.BiblioTechApplication for test class com.bibliotech.BiblioTechApplicationTest

  .   ____          _            __ _ _
 /\\ / ___'_ __ _ _(_)_ __  __ _ \ \ \ \
( ( )\___ | '_ | '_| | '_ \/ _` | \ \ \ \
 \\/  ___)| |_)| | | | | || (_| |  ) ) ) )
  '  |____| .__|_| |_|_| |_\__, | / / / /
 =========|_|==============|___/=/_/_/_/
&amp#27;[32m :: Spring Boot :: &amp#27;[39m              &amp#27;[2m (v3.2.0)&amp#27;[0;39m

&amp#27;[2m2026-03-20T06:51:57.566+01:00&amp#27;[0;39m &amp#27;[32m INFO&amp#27;[0;39m &amp#27;[35m52768&amp#27;[0;39m &amp#27;[2m---&amp#27;[0;39m &amp#27;[2m[bibliotech-monolithe] [           main]&amp#27;[0;39m &amp#27;[2m&amp#27;[0;39m&amp#27;[36mc.bibliotech.BiblioTechApplicationTest  &amp#27;[0;39m &amp#27;[2m:&amp#27;[0;39m Starting BiblioTechApplicationTest using Java 23 with PID 52768 (started by ihababadi in /Users/ihababadi/Library/CloudStorage/OneDrive-utopios/supports_markdown/theme/architecture_hexagonale/exercices/bibliotech-monolithe)
&amp#27;[2m2026-03-20T06:51:57.567+01:00&amp#27;[0;39m &amp#27;[32mDEBUG&amp#27;[0;39m &amp#27;[35m52768&amp#27;[0;39m &amp#27;[2m---&amp#27;[0;39m &amp#27;[2m[bibliotech-monolithe] [           main]&amp#27;[0;39m &amp#27;[2m&amp#27;[0;39m&amp#27;[36mc.bibliotech.BiblioTechApplicationTest  &amp#27;[0;39m &amp#27;[2m:&amp#27;[0;39m Running with Spring Boot v3.2.0, Spring v6.1.1
&amp#27;[2m2026-03-20T06:51:57.567+01:00&amp#27;[0;39m &amp#27;[32m INFO&amp#27;[0;39m &amp#27;[35m52768&amp#27;[0;39m &amp#27;[2m---&amp#27;[0;39m &amp#27;[2m[bibliotech-monolithe] [           main]&amp#27;[0;39m &amp#27;[2m&amp#27;[0;39m&amp#27;[36mc.bibliotech.BiblioTechApplicationTest  &amp#27;[0;39m &amp#27;[2m:&amp#27;[0;39m No active profile set, falling back to 1 default profile: "default"
&amp#27;[2m2026-03-20T06:51:57.945+01:00&amp#27;[0;39m &amp#27;[32m INFO&amp#27;[0;39m &amp#27;[35m52768&amp#27;[0;39m &amp#27;[2m---&amp#27;[0;39m &amp#27;[2m[bibliotech-monolithe] [           main]&amp#27;[0;39m &amp#27;[2m&amp#27;[0;39m&amp#27;[36m.s.d.r.c.RepositoryConfigurationDelegate&amp#27;[0;39m &amp#27;[2m:&amp#27;[0;39m Bootstrapping Spring Data JPA repositories in DEFAULT mode.
&amp#27;[2m2026-03-20T06:51:57.984+01:00&amp#27;[0;39m &amp#27;[32m INFO&amp#27;[0;39m &amp#27;[35m52768&amp#27;[0;39m &amp#27;[2m---&amp#27;[0;39m &amp#27;[2m[bibliotech-monolithe] [           main]&amp#27;[0;39m &amp#27;[2m&amp#27;[0;39m&amp#27;[36m.s.d.r.c.RepositoryConfigurationDelegate&amp#27;[0;39m &amp#27;[2m:&amp#27;[0;39m Finished Spring Data repository scanning in 34 ms. Found 3 JPA repository interfaces.
&amp#27;[2m2026-03-20T06:51:59.126+01:00&amp#27;[0;39m &amp#27;[32m INFO&amp#27;[0;39m &amp#27;[35m52768&amp#27;[0;39m &amp#27;[2m---&amp#27;[0;39m &amp#27;[2m[bibliotech-monolithe] [           main]&amp#27;[0;39m &amp#27;[2m&amp#27;[0;39m&amp#27;[36mo.hibernate.jpa.internal.util.LogHelper &amp#27;[0;39m &amp#27;[2m:&amp#27;[0;39m HHH000204: Processing PersistenceUnitInfo [name: default]
&amp#27;[2m2026-03-20T06:51:59.265+01:00&amp#27;[0;39m &amp#27;[32m INFO&amp#27;[0;39m &amp#27;[35m52768&amp#27;[0;39m &amp#27;[2m---&amp#27;[0;39m &amp#27;[2m[bibliotech-monolithe] [           main]&amp#27;[0;39m &amp#27;[2m&amp#27;[0;39m&amp#27;[36morg.hibernate.Version                   &amp#27;[0;39m &amp#27;[2m:&amp#27;[0;39m HHH000412: Hibernate ORM core version 6.3.1.Final
&amp#27;[2m2026-03-20T06:51:59.320+01:00&amp#27;[0;39m &amp#27;[32m INFO&amp#27;[0;39m &amp#27;[35m52768&amp#27;[0;39m &amp#27;[2m---&amp#27;[0;39m &amp#27;[2m[bibliotech-monolithe] [           main]&amp#27;[0;39m &amp#27;[2m&amp#27;[0;39m&amp#27;[36mo.h.c.internal.RegionFactoryInitiator   &amp#27;[0;39m &amp#27;[2m:&amp#27;[0;39m HHH000026: Second-level cache disabled
&amp#27;[2m2026-03-20T06:51:59.513+01:00&amp#27;[0;39m &amp#27;[32m INFO&amp#27;[0;39m &amp#27;[35m52768&amp#27;[0;39m &amp#27;[2m---&amp#27;[0;39m &amp#27;[2m[bibliotech-monolithe] [           main]&amp#27;[0;39m &amp#27;[2m&amp#27;[0;39m&amp#27;[36mo.s.o.j.p.SpringPersistenceUnitInfo     &amp#27;[0;39m &amp#27;[2m:&amp#27;[0;39m No LoadTimeWeaver setup: ignoring JPA class transformer
&amp#27;[2m2026-03-20T06:51:59.551+01:00&amp#27;[0;39m &amp#27;[32m INFO&amp#27;[0;39m &amp#27;[35m52768&amp#27;[0;39m &amp#27;[2m---&amp#27;[0;39m &amp#27;[2m[bibliotech-monolithe] [           main]&amp#27;[0;39m &amp#27;[2m&amp#27;[0;39m&amp#27;[36mcom.zaxxer.hikari.HikariDataSource      &amp#27;[0;39m &amp#27;[2m:&amp#27;[0;39m HikariPool-1 - Starting...
&amp#27;[2m2026-03-20T06:51:59.661+01:00&amp#27;[0;39m &amp#27;[32m INFO&amp#27;[0;39m &amp#27;[35m52768&amp#27;[0;39m &amp#27;[2m---&amp#27;[0;39m &amp#27;[2m[bibliotech-monolithe] [           main]&amp#27;[0;39m &amp#27;[2m&amp#27;[0;39m&amp#27;[36mcom.zaxxer.hikari.pool.HikariPool       &amp#27;[0;39m &amp#27;[2m:&amp#27;[0;39m HikariPool-1 - Added connection conn0: url=jdbc:h2:mem:bibliotech user=SA
&amp#27;[2m2026-03-20T06:51:59.661+01:00&amp#27;[0;39m &amp#27;[32m INFO&amp#27;[0;39m &amp#27;[35m52768&amp#27;[0;39m &amp#27;[2m---&amp#27;[0;39m &amp#27;[2m[bibliotech-monolithe] [           main]&amp#27;[0;39m &amp#27;[2m&amp#27;[0;39m&amp#27;[36mcom.zaxxer.hikari.HikariDataSource      &amp#27;[0;39m &amp#27;[2m:&amp#27;[0;39m HikariPool-1 - Start completed.
&amp#27;[2m2026-03-20T06:51:59.731+01:00&amp#27;[0;39m &amp#27;[33m WARN&amp#27;[0;39m &amp#27;[35m52768&amp#27;[0;39m &amp#27;[2m---&amp#27;[0;39m &amp#27;[2m[bibliotech-monolithe] [           main]&amp#27;[0;39m &amp#27;[2m&amp#27;[0;39m&amp#27;[36morg.hibernate.orm.deprecation           &amp#27;[0;39m &amp#27;[2m:&amp#27;[0;39m HHH90000025: H2Dialect does not need to be specified explicitly using 'hibernate.dialect' (remove the property setting and it will be selected by default)
&amp#27;[2m2026-03-20T06:52:00.429+01:00&amp#27;[0;39m &amp#27;[32m INFO&amp#27;[0;39m &amp#27;[35m52768&amp#27;[0;39m &amp#27;[2m---&amp#27;[0;39m &amp#27;[2m[bibliotech-monolithe] [           main]&amp#27;[0;39m &amp#27;[2m&amp#27;[0;39m&amp#27;[36mo.h.e.t.j.p.i.JtaPlatformInitiator      &amp#27;[0;39m &amp#27;[2m:&amp#27;[0;39m HHH000489: No JTA platform available (set 'hibernate.transaction.jta.platform' to enable JTA platform integration)
Hibernate: 
    drop table if exists books cascade 
Hibernate: 
    drop table if exists borrowing_records cascade 
Hibernate: 
    drop table if exists members cascade 
Hibernate: 
    create table books (
        available_copies integer not null,
        isbn varchar(13) not null,
        author varchar(255) not null,
        title varchar(255) not null,
        primary key (isbn)
    )
Hibernate: 
    create table borrowing_records (
        borrow_date date not null,
        penalty float(53) not null,
        return_date date,
        returned boolean not null,
        id bigint generated by default as identity,
        book_isbn varchar(13) not null,
        member_id varchar(255) not null,
        primary key (id)
    )
Hibernate: 
    create table members (
        borrowed_books_count integer not null,
        unpaid_penalties float(53) not null,
        email varchar(255) not null unique,
        member_id varchar(255) not null,
        name varchar(255) not null,
        primary key (member_id)
    )
Hibernate: 
    alter table if exists borrowing_records 
       add constraint FKe3nwn7u1vppgotp21q6ihovwg 
       foreign key (book_isbn) 
       references books
Hibernate: 
    alter table if exists borrowing_records 
       add constraint FK4ur6m14uxomq1ydsjlkpdxcuj 
       foreign key (member_id) 
       references members
&amp#27;[2m2026-03-20T06:52:00.471+01:00&amp#27;[0;39m &amp#27;[32m INFO&amp#27;[0;39m &amp#27;[35m52768&amp#27;[0;39m &amp#27;[2m---&amp#27;[0;39m &amp#27;[2m[bibliotech-monolithe] [           main]&amp#27;[0;39m &amp#27;[2m&amp#27;[0;39m&amp#27;[36mj.LocalContainerEntityManagerFactoryBean&amp#27;[0;39m &amp#27;[2m:&amp#27;[0;39m Initialized JPA EntityManagerFactory for persistence unit 'default'
&amp#27;[2m2026-03-20T06:52:00.969+01:00&amp#27;[0;39m &amp#27;[33m WARN&amp#27;[0;39m &amp#27;[35m52768&amp#27;[0;39m &amp#27;[2m---&amp#27;[0;39m &amp#27;[2m[bibliotech-monolithe] [           main]&amp#27;[0;39m &amp#27;[2m&amp#27;[0;39m&amp#27;[36mJpaBaseConfiguration$JpaWebConfiguration&amp#27;[0;39m &amp#27;[2m:&amp#27;[0;39m spring.jpa.open-in-view is enabled by default. Therefore, database queries may be performed during view rendering. Explicitly configure spring.jpa.open-in-view to disable this warning
&amp#27;[2m2026-03-20T06:52:01.139+01:00&amp#27;[0;39m &amp#27;[32m INFO&amp#27;[0;39m &amp#27;[35m52768&amp#27;[0;39m &amp#27;[2m---&amp#27;[0;39m &amp#27;[2m[bibliotech-monolithe] [           main]&amp#27;[0;39m &amp#27;[2m&amp#27;[0;39m&amp#27;[36mo.s.b.a.h2.H2ConsoleAutoConfiguration   &amp#27;[0;39m &amp#27;[2m:&amp#27;[0;39m H2 console available at '/h2-console'. Database available at 'jdbc:h2:mem:bibliotech'
&amp#27;[2m2026-03-20T06:52:01.189+01:00&amp#27;[0;39m &amp#27;[32m INFO&amp#27;[0;39m &amp#27;[35m52768&amp#27;[0;39m &amp#27;[2m---&amp#27;[0;39m &amp#27;[2m[bibliotech-monolithe] [           main]&amp#27;[0;39m &amp#27;[2m&amp#27;[0;39m&amp#27;[36mc.bibliotech.BiblioTechApplicationTest  &amp#27;[0;39m &amp#27;[2m:&amp#27;[0;39m Started BiblioTechApplicationTest in 3.77 seconds (process running for 4.527)
Hibernate: 
    select
        b1_0.isbn,
        b1_0.author,
        b1_0.available_copies,
        b1_0.title 
    from
        books b1_0 
    where
        b1_0.isbn=?
Hibernate: 
    insert 
    into
        books
        (author, available_copies, title, isbn) 
    values
        (?, ?, ?, ?)
Hibernate: 
    select
        b1_0.isbn,
        b1_0.author,
        b1_0.available_copies,
        b1_0.title 
    from
        books b1_0 
    where
        b1_0.isbn=?
Hibernate: 
    insert 
    into
        books
        (author, available_copies, title, isbn) 
    values
        (?, ?, ?, ?)
Hibernate: 
    select
        b1_0.isbn,
        b1_0.author,
        b1_0.available_copies,
        b1_0.title 
    from
        books b1_0 
    where
        b1_0.isbn=?
Hibernate: 
    insert 
    into
        books
        (author, available_copies, title, isbn) 
    values
        (?, ?, ?, ?)
Hibernate: 
    select
        b1_0.isbn,
        b1_0.author,
        b1_0.available_copies,
        b1_0.title 
    from
        books b1_0 
    where
        b1_0.isbn=?
Hibernate: 
    insert 
    into
        books
        (author, available_copies, title, isbn) 
    values
        (?, ?, ?, ?)
Hibernate: 
    insert 
    into
        members
        (borrowed_books_count, email, name, unpaid_penalties, member_id) 
    values
        (?, ?, ?, ?, ?)
Hibernate: 
    select
        m1_0.member_id,
        m1_0.borrowed_books_count,
        m1_0.email,
        m1_0.name,
        m1_0.unpaid_penalties 
    from
        members m1_0 
    where
        m1_0.member_id=?
Hibernate: 
    select
        b1_0.isbn,
        b1_0.author,
        b1_0.available_copies,
        b1_0.title 
    from
        books b1_0 
    where
        b1_0.isbn=?
Hibernate: 
    insert 
    into
        borrowing_records
        (book_isbn, borrow_date, member_id, penalty, return_date, returned, id) 
    values
        (?, ?, ?, ?, ?, ?, default)
Hibernate: 
    update
        members 
    set
        borrowed_books_count=?,
        email=?,
        name=?,
        unpaid_penalties=? 
    where
        member_id=?
Hibernate: 
    update
        books 
    set
        author=?,
        available_copies=?,
        title=? 
    where
        isbn=?
Hibernate: 
    select
        m1_0.member_id,
        m1_0.borrowed_books_count,
        m1_0.email,
        m1_0.name,
        m1_0.unpaid_penalties 
    from
        members m1_0 
    where
        m1_0.member_id=?
Hibernate: 
    select
        b1_0.isbn,
        b1_0.author,
        b1_0.available_copies,
        b1_0.title 
    from
        books b1_0 
    where
        b1_0.isbn=?
Hibernate: 
    insert 
    into
        borrowing_records
        (book_isbn, borrow_date, member_id, penalty, return_date, returned, id) 
    values
        (?, ?, ?, ?, ?, ?, default)
Hibernate: 
    update
        members 
    set
        borrowed_books_count=?,
        email=?,
        name=?,
        unpaid_penalties=? 
    where
        member_id=?
Hibernate: 
    update
        books 
    set
        author=?,
        available_copies=?,
        title=? 
    where
        isbn=?
Hibernate: 
    select
        m1_0.member_id,
        m1_0.borrowed_books_count,
        m1_0.email,
        m1_0.name,
        m1_0.unpaid_penalties 
    from
        members m1_0 
    where
        m1_0.member_id=?
Hibernate: 
    select
        b1_0.isbn,
        b1_0.author,
        b1_0.available_copies,
        b1_0.title 
    from
        books b1_0 
    where
        b1_0.isbn=?
Hibernate: 
    insert 
    into
        borrowing_records
        (book_isbn, borrow_date, member_id, penalty, return_date, returned, id) 
    values
        (?, ?, ?, ?, ?, ?, default)
Hibernate: 
    update
        members 
    set
        borrowed_books_count=?,
        email=?,
        name=?,
        unpaid_penalties=? 
    where
        member_id=?
Hibernate: 
    update
        books 
    set
        author=?,
        available_copies=?,
        title=? 
    where
        isbn=?
Hibernate: 
    select
        m1_0.member_id,
        m1_0.borrowed_books_count,
        m1_0.email,
        m1_0.name,
        m1_0.unpaid_penalties 
    from
        members m1_0 
    where
        m1_0.member_id=?
Hibernate: 
    select
        b1_0.isbn,
        b1_0.author,
        b1_0.available_copies,
        b1_0.title 
    from
        books b1_0 
    where
        b1_0.isbn=?
]]></system-out>
    <system-err><![CDATA[WARNING: A Java agent has been loaded dynamically (/Users/ihababadi/.m2/repository/net/bytebuddy/byte-buddy-agent/1.14.10/byte-buddy-agent-1.14.10.jar)
WARNING: If a serviceability tool is in use, please run with -XX:+EnableDynamicAgentLoading to hide this warning
WARNING: If a serviceability tool is not in use, please run with -Djdk.instrument.traceUsage for more information
WARNING: Dynamic loading of agents will be disallowed by default in a future release
]]></system-err>
  </testcase>
  <testcase name="shouldBorrowBook" classname="com.bibliotech.BiblioTechApplicationTest" time="0.013">
    <system-out><![CDATA[Hibernate: 
    select
        b1_0.isbn,
        b1_0.author,
        b1_0.available_copies,
        b1_0.title 
    from
        books b1_0 
    where
        b1_0.isbn=?
Hibernate: 
    insert 
    into
        books
        (author, available_copies, title, isbn) 
    values
        (?, ?, ?, ?)
Hibernate: 
    insert 
    into
        members
        (borrowed_books_count, email, name, unpaid_penalties, member_id) 
    values
        (?, ?, ?, ?, ?)
Hibernate: 
    select
        m1_0.member_id,
        m1_0.borrowed_books_count,
        m1_0.email,
        m1_0.name,
        m1_0.unpaid_penalties 
    from
        members m1_0 
    where
        m1_0.member_id=?
Hibernate: 
    select
        b1_0.isbn,
        b1_0.author,
        b1_0.available_copies,
        b1_0.title 
    from
        books b1_0 
    where
        b1_0.isbn=?
Hibernate: 
    insert 
    into
        borrowing_records
        (book_isbn, borrow_date, member_id, penalty, return_date, returned, id) 
    values
        (?, ?, ?, ?, ?, ?, default)
Hibernate: 
    update
        members 
    set
        borrowed_books_count=?,
        email=?,
        name=?,
        unpaid_penalties=? 
    where
        member_id=?
Hibernate: 
    update
        books 
    set
        author=?,
        available_copies=?,
        title=? 
    where
        isbn=?
Hibernate: 
    select
        b1_0.isbn,
        b1_0.author,
        b1_0.available_copies,
        b1_0.title 
    from
        books b1_0 
    where
        b1_0.isbn=?
]]></system-out>
  </testcase>
  <testcase name="contextLoads" classname="com.bibliotech.BiblioTechApplicationTest" time="0.001"/>
  <testcase name="shouldAddAndRetrieveBook" classname="com.bibliotech.BiblioTechApplicationTest" time="0.004">
    <system-out><![CDATA[Hibernate: 
    select
        b1_0.isbn,
        b1_0.author,
        b1_0.available_copies,
        b1_0.title 
    from
        books b1_0 
    where
        b1_0.isbn=?
Hibernate: 
    select
        b1_0.isbn,
        b1_0.author,
        b1_0.available_copies,
        b1_0.title 
    from
        books b1_0 
    where
        b1_0.isbn=?
]]></system-out>
  </testcase>
  <testcase name="shouldRejectBorrowWhenNoCopiesAvailable" classname="com.bibliotech.BiblioTechApplicationTest" time="0.005">
    <system-out><![CDATA[Hibernate: 
    select
        b1_0.isbn,
        b1_0.author,
        b1_0.available_copies,
        b1_0.title 
    from
        books b1_0 
    where
        b1_0.isbn=?
Hibernate: 
    insert 
    into
        books
        (author, available_copies, title, isbn) 
    values
        (?, ?, ?, ?)
Hibernate: 
    insert 
    into
        members
        (borrowed_books_count, email, name, unpaid_penalties, member_id) 
    values
        (?, ?, ?, ?, ?)
Hibernate: 
    select
        m1_0.member_id,
        m1_0.borrowed_books_count,
        m1_0.email,
        m1_0.name,
        m1_0.unpaid_penalties 
    from
        members m1_0 
    where
        m1_0.member_id=?
Hibernate: 
    select
        b1_0.isbn,
        b1_0.author,
        b1_0.available_copies,
        b1_0.title 
    from
        books b1_0 
    where
        b1_0.isbn=?
]]></system-out>
  </testcase>
</testsuite>